SF:C:\PoC_details\DotnetCore\ShopBridge-Dev\src\Domain\Entities\InventoryItem.cs
FN:6,System.Int32 ShopBridge.Domain.Entities.InventoryItem::get_Id()
FNDA:9,System.Int32 ShopBridge.Domain.Entities.InventoryItem::get_Id()
DA:7,9
FN:7,System.String ShopBridge.Domain.Entities.InventoryItem::get_Name()
FNDA:9,System.String ShopBridge.Domain.Entities.InventoryItem::get_Name()
DA:8,9
FN:8,System.String ShopBridge.Domain.Entities.InventoryItem::get_Description()
FNDA:7,System.String ShopBridge.Domain.Entities.InventoryItem::get_Description()
DA:9,7
FN:9,System.Single ShopBridge.Domain.Entities.InventoryItem::get_Price()
FNDA:10,System.Single ShopBridge.Domain.Entities.InventoryItem::get_Price()
DA:10,10
FN:10,System.String ShopBridge.Domain.Entities.InventoryItem::get_ImagePath()
FNDA:2,System.String ShopBridge.Domain.Entities.InventoryItem::get_ImagePath()
DA:11,2
LF:5
LH:5
BRF:0
BRH:0
FNF:5
FNH:5
end_of_record
SF:C:\PoC_details\DotnetCore\ShopBridge-Dev\src\Domain\Common\AuditableEntity.cs
FN:6,System.String ShopBridge.Domain.Common.AuditableEntity::get_CreatedBy()
FNDA:0,System.String ShopBridge.Domain.Common.AuditableEntity::get_CreatedBy()
DA:7,0
FN:7,System.DateTime ShopBridge.Domain.Common.AuditableEntity::get_CreatedOn()
FNDA:0,System.DateTime ShopBridge.Domain.Common.AuditableEntity::get_CreatedOn()
DA:8,0
FN:8,System.String ShopBridge.Domain.Common.AuditableEntity::get_LastModifiedBy()
FNDA:0,System.String ShopBridge.Domain.Common.AuditableEntity::get_LastModifiedBy()
DA:9,0
FN:9,System.Nullable`1<System.DateTime> ShopBridge.Domain.Common.AuditableEntity::get_LastModifiedOn()
FNDA:0,System.Nullable`1<System.DateTime> ShopBridge.Domain.Common.AuditableEntity::get_LastModifiedOn()
DA:10,0
LF:4
LH:0
BRF:0
BRH:0
FNF:4
FNH:0
end_of_record
SF:C:\PoC_details\DotnetCore\ShopBridge-Dev\src\Infrastructure\Persistence\Migrations\20201022101158_InitialCreate.cs
FN:8,System.Void Infrastructure.Persistence.Migrations.InitialCreate::Up(Microsoft.EntityFrameworkCore.Migrations.MigrationBuilder)
FNDA:0,System.Void Infrastructure.Persistence.Migrations.InitialCreate::Up(Microsoft.EntityFrameworkCore.Migrations.MigrationBuilder)
DA:9,0
DA:10,0
DA:11,0
DA:12,0
DA:13,0
DA:14,0
DA:15,0
DA:16,0
DA:17,0
DA:18,0
DA:19,0
DA:20,0
DA:21,0
DA:22,0
DA:23,0
DA:24,0
DA:25,0
DA:26,0
DA:27,0
DA:28,0
DA:29,0
FN:31,System.Void Infrastructure.Persistence.Migrations.InitialCreate::Down(Microsoft.EntityFrameworkCore.Migrations.MigrationBuilder)
FNDA:0,System.Void Infrastructure.Persistence.Migrations.InitialCreate::Down(Microsoft.EntityFrameworkCore.Migrations.MigrationBuilder)
DA:32,0
DA:33,0
DA:34,0
DA:35,0
LF:25
LH:0
BRF:0
BRH:0
FNF:2
FNH:0
end_of_record
SF:C:\PoC_details\DotnetCore\ShopBridge-Dev\src\Infrastructure\Persistence\Migrations\20201022101158_InitialCreate.Designer.cs
FN:16,System.Void Infrastructure.Persistence.Migrations.InitialCreate::BuildTargetModel(Microsoft.EntityFrameworkCore.ModelBuilder)
FNDA:0,System.Void Infrastructure.Persistence.Migrations.InitialCreate::BuildTargetModel(Microsoft.EntityFrameworkCore.ModelBuilder)
DA:17,0
DA:19,0
DA:20,0
DA:21,0
DA:22,0
DA:24,0
DA:25,0
DA:26,0
DA:27,0
DA:28,0
DA:29,0
DA:30,0
DA:31,0
DA:32,0
DA:33,0
DA:34,0
DA:35,0
DA:36,0
DA:37,0
DA:38,0
DA:39,0
DA:40,0
DA:41,0
DA:42,0
DA:43,0
DA:44,0
DA:45,0
DA:46,0
DA:47,0
DA:48,0
DA:49,0
DA:50,0
DA:51,0
DA:52,0
DA:53,0
DA:54,0
DA:55,0
DA:56,0
DA:57,0
DA:58,0
DA:59,0
DA:60,0
DA:62,0
LF:43
LH:0
BRF:0
BRH:0
FNF:1
FNH:0
end_of_record
SF:C:\PoC_details\DotnetCore\ShopBridge-Dev\src\Infrastructure\Persistence\Migrations\20201022105734_ChangeStringLength.cs
FN:7,System.Void Infrastructure.Persistence.Migrations.ChangeStringLength::Up(Microsoft.EntityFrameworkCore.Migrations.MigrationBuilder)
FNDA:0,System.Void Infrastructure.Persistence.Migrations.ChangeStringLength::Up(Microsoft.EntityFrameworkCore.Migrations.MigrationBuilder)
DA:8,0
DA:9,0
DA:10,0
DA:11,0
DA:12,0
DA:13,0
DA:14,0
DA:15,0
DA:16,0
DA:18,0
DA:19,0
DA:20,0
DA:21,0
DA:22,0
DA:23,0
DA:24,0
DA:25,0
DA:27,0
DA:28,0
DA:29,0
DA:30,0
DA:31,0
DA:32,0
DA:33,0
DA:34,0
DA:35,0
FN:37,System.Void Infrastructure.Persistence.Migrations.ChangeStringLength::Down(Microsoft.EntityFrameworkCore.Migrations.MigrationBuilder)
FNDA:0,System.Void Infrastructure.Persistence.Migrations.ChangeStringLength::Down(Microsoft.EntityFrameworkCore.Migrations.MigrationBuilder)
DA:38,0
DA:39,0
DA:40,0
DA:41,0
DA:42,0
DA:43,0
DA:44,0
DA:45,0
DA:46,0
DA:48,0
DA:49,0
DA:50,0
DA:51,0
DA:52,0
DA:53,0
DA:54,0
DA:55,0
DA:57,0
DA:58,0
DA:59,0
DA:60,0
DA:61,0
DA:62,0
DA:63,0
DA:64,0
DA:65,0
LF:52
LH:0
BRF:0
BRH:0
FNF:2
FNH:0
end_of_record
SF:C:\PoC_details\DotnetCore\ShopBridge-Dev\src\Infrastructure\Persistence\Migrations\20201022105734_ChangeStringLength.Designer.cs
FN:16,System.Void Infrastructure.Persistence.Migrations.ChangeStringLength::BuildTargetModel(Microsoft.EntityFrameworkCore.ModelBuilder)
FNDA:0,System.Void Infrastructure.Persistence.Migrations.ChangeStringLength::BuildTargetModel(Microsoft.EntityFrameworkCore.ModelBuilder)
DA:17,0
DA:19,0
DA:20,0
DA:21,0
DA:22,0
DA:24,0
DA:25,0
DA:26,0
DA:27,0
DA:28,0
DA:29,0
DA:30,0
DA:31,0
DA:32,0
DA:33,0
DA:34,0
DA:35,0
DA:36,0
DA:37,0
DA:38,0
DA:39,0
DA:40,0
DA:41,0
DA:42,0
DA:43,0
DA:44,0
DA:45,0
DA:46,0
DA:47,0
DA:48,0
DA:49,0
DA:50,0
DA:51,0
DA:52,0
DA:53,0
DA:54,0
DA:55,0
DA:56,0
DA:57,0
DA:58,0
DA:59,0
DA:60,0
DA:61,0
DA:62,0
DA:63,0
DA:65,0
LF:46
LH:0
BRF:0
BRH:0
FNF:1
FNH:0
end_of_record
SF:C:\PoC_details\DotnetCore\ShopBridge-Dev\src\Infrastructure\Persistence\Migrations\ApplicationDbContextModelSnapshot.cs
FN:14,System.Void Infrastructure.Persistence.Migrations.ApplicationDbContextModelSnapshot::BuildModel(Microsoft.EntityFrameworkCore.ModelBuilder)
FNDA:0,System.Void Infrastructure.Persistence.Migrations.ApplicationDbContextModelSnapshot::BuildModel(Microsoft.EntityFrameworkCore.ModelBuilder)
DA:15,0
DA:17,0
DA:18,0
DA:19,0
DA:20,0
DA:22,0
DA:23,0
DA:24,0
DA:25,0
DA:26,0
DA:27,0
DA:28,0
DA:29,0
DA:30,0
DA:31,0
DA:32,0
DA:33,0
DA:34,0
DA:35,0
DA:36,0
DA:37,0
DA:38,0
DA:39,0
DA:40,0
DA:41,0
DA:42,0
DA:43,0
DA:44,0
DA:45,0
DA:46,0
DA:47,0
DA:48,0
DA:49,0
DA:50,0
DA:51,0
DA:52,0
DA:53,0
DA:54,0
DA:55,0
DA:56,0
DA:57,0
DA:58,0
DA:59,0
DA:60,0
DA:61,0
DA:63,0
LF:46
LH:0
BRF:0
BRH:0
FNF:1
FNH:0
end_of_record
SF:C:\PoC_details\DotnetCore\ShopBridge-Dev\src\Infrastructure\DependencyInjection.cs
FN:11,Microsoft.Extensions.DependencyInjection.IServiceCollection ShopBridge.Infrastructure.DependencyInjection::AddInfrastructure(Microsoft.Extensions.DependencyInjection.IServiceCollection,Microsoft.Extensions.Configuration.IConfiguration)
FNDA:0,Microsoft.Extensions.DependencyInjection.IServiceCollection ShopBridge.Infrastructure.DependencyInjection::AddInfrastructure(Microsoft.Extensions.DependencyInjection.IServiceCollection,Microsoft.Extensions.Configuration.IConfiguration)
DA:12,0
DA:13,0
DA:14,0
DA:15,0
DA:16,0
DA:17,0
DA:20,0
DA:21,0
DA:23,0
DA:24,0
LF:10
LH:0
BRF:0
BRH:0
FNF:1
FNH:0
end_of_record
SF:C:\PoC_details\DotnetCore\ShopBridge-Dev\src\Infrastructure\Persistence\ApplicationDbContext.cs
FN:26,Microsoft.EntityFrameworkCore.DbSet`1<ShopBridge.Domain.Entities.InventoryItem> ShopBridge.Infrastructure.Persistence.ApplicationDbContext::get_InventoryItems()
FNDA:40,Microsoft.EntityFrameworkCore.DbSet`1<ShopBridge.Domain.Entities.InventoryItem> ShopBridge.Infrastructure.Persistence.ApplicationDbContext::get_InventoryItems()
DA:27,40
FN:29,System.Threading.Tasks.Task`1<System.Int32> ShopBridge.Infrastructure.Persistence.ApplicationDbContext::SaveChangesAsync(System.Threading.CancellationToken)
FNDA:3,System.Threading.Tasks.Task`1<System.Int32> ShopBridge.Infrastructure.Persistence.ApplicationDbContext::SaveChangesAsync(System.Threading.CancellationToken)
DA:30,3
DA:31,15
DA:32,3
DA:33,3
DA:36,1
DA:37,1
DA:38,1
DA:40,1
DA:41,1
DA:42,1
DA:44,3
DA:46,3
DA:47,3
BRDA:31,146,1,3
BRDA:33,40,0,2
BRDA:33,46,1,1
BRDA:33,40,1,1
BRDA:33,46,0,3
BRDA:31,146,0,3
FN:101,System.Void ShopBridge.Infrastructure.Persistence.ApplicationDbContext::OnModelCreating(Microsoft.EntityFrameworkCore.ModelBuilder)
FNDA:1,System.Void ShopBridge.Infrastructure.Persistence.ApplicationDbContext::OnModelCreating(Microsoft.EntityFrameworkCore.ModelBuilder)
DA:102,1
DA:103,1
DA:105,1
DA:106,1
FN:22,System.Void ShopBridge.Infrastructure.Persistence.ApplicationDbContext::.ctor(Microsoft.EntityFrameworkCore.DbContextOptions,ShopBridge.Application.Common.Interfaces.ICurrentUserService)
FNDA:16,System.Void ShopBridge.Infrastructure.Persistence.ApplicationDbContext::.ctor(Microsoft.EntityFrameworkCore.DbContextOptions,ShopBridge.Application.Common.Interfaces.ICurrentUserService)
DA:23,16
DA:24,16
DA:25,16
DA:26,16
LF:22
LH:22
BRF:6
BRH:6
FNF:4
FNH:4
end_of_record
SF:C:\PoC_details\DotnetCore\ShopBridge-Dev\src\Infrastructure\Persistence\InventoryService.cs
FN:13,System.Void ShopBridge.Infrastructure.Persistence.InventoryService::.ctor(ShopBridge.Application.Common.Interfaces.IApplicationDBContext)
FNDA:8,System.Void ShopBridge.Infrastructure.Persistence.InventoryService::.ctor(ShopBridge.Application.Common.Interfaces.IApplicationDBContext)
DA:14,8
DA:15,8
DA:16,8
DA:17,8
FN:19,System.Void ShopBridge.Infrastructure.Persistence.InventoryService/<AddItemAsync>d__2::MoveNext()
FNDA:1,System.Void ShopBridge.Infrastructure.Persistence.InventoryService/<AddItemAsync>d__2::MoveNext()
DA:20,1
DA:21,1
DA:22,1
DA:23,1
DA:25,1
FN:27,System.Void ShopBridge.Infrastructure.Persistence.InventoryService/<DeleteItemAsync>d__3::MoveNext()
FNDA:2,System.Void ShopBridge.Infrastructure.Persistence.InventoryService/<DeleteItemAsync>d__3::MoveNext()
DA:28,2
DA:29,2
DA:30,2
DA:31,1
DA:32,1
DA:34,1
DA:35,1
DA:37,1
DA:38,2
BRDA:29,83,0,0
BRDA:29,83,1,2
BRDA:30,198,0,1
BRDA:30,198,1,1
FN:40,System.Void ShopBridge.Infrastructure.Persistence.InventoryService/<GetItemByIdAsync>d__4::MoveNext()
FNDA:4,System.Void ShopBridge.Infrastructure.Persistence.InventoryService/<GetItemByIdAsync>d__4::MoveNext()
DA:41,4
DA:42,4
DA:43,4
BRDA:42,72,0,0
BRDA:42,72,1,4
FN:45,System.Void ShopBridge.Infrastructure.Persistence.InventoryService/<GetItemsAsync>d__5::MoveNext()
FNDA:1,System.Void ShopBridge.Infrastructure.Persistence.InventoryService/<GetItemsAsync>d__5::MoveNext()
DA:46,1
DA:47,1
DA:48,1
FN:50,System.Void ShopBridge.Infrastructure.Persistence.InventoryService/<UpdateItemAsync>d__6::MoveNext()
FNDA:3,System.Void ShopBridge.Infrastructure.Persistence.InventoryService/<UpdateItemAsync>d__6::MoveNext()
DA:51,3
DA:52,3
DA:53,1
DA:54,1
DA:57,2
DA:58,1
DA:59,1
DA:61,1
DA:62,1
DA:63,1
DA:64,1
DA:65,1
DA:67,1
DA:68,1
DA:71,1
DA:72,1
DA:73,1
DA:74,0
DA:75,0
DA:76,0
DA:77,0
DA:78,0
DA:79,0
DA:82,0
DA:83,0
DA:86,1
DA:87,3
BRDA:52,76,0,1
BRDA:52,76,1,2
BRDA:57,214,0,1
BRDA:59,279,0,0
BRDA:59,279,1,1
BRDA:57,214,1,1
BRDA:77,816,0,0
BRDA:77,816,1,0
FN:89,System.Void ShopBridge.Infrastructure.Persistence.InventoryService/<IsInventoryItemExistsAsync>d__7::MoveNext()
FNDA:2,System.Void ShopBridge.Infrastructure.Persistence.InventoryService/<IsInventoryItemExistsAsync>d__7::MoveNext()
DA:90,2
DA:91,2
DA:92,2
LF:54
LH:46
BRF:14
BRH:9
FNF:7
FNH:7
end_of_record
SF:C:\PoC_details\DotnetCore\ShopBridge-Dev\src\Infrastructure\Persistence\Configurations\InventoryItemConfiguration.cs
FN:9,System.Void ShopBridge.Infrastructure.Persistence.Configurations.InventoryItemConfiguration::Configure(Microsoft.EntityFrameworkCore.Metadata.Builders.EntityTypeBuilder`1<ShopBridge.Domain.Entities.InventoryItem>)
FNDA:1,System.Void ShopBridge.Infrastructure.Persistence.Configurations.InventoryItemConfiguration::Configure(Microsoft.EntityFrameworkCore.Metadata.Builders.EntityTypeBuilder`1<ShopBridge.Domain.Entities.InventoryItem>)
DA:10,1
DA:11,1
DA:12,1
DA:13,1
DA:15,1
DA:16,1
DA:18,1
DA:19,1
DA:21,1
DA:22,1
DA:24,1
DA:25,1
DA:27,1
LF:13
LH:13
BRF:0
BRH:0
FNF:1
FNH:1
end_of_record